2025-12-24 12:02:09,869 - INFO - Loading raw dataset...
2025-12-24 12:02:31,216 - INFO - Loaded 525461 rows
2025-12-24 12:02:31,216 - INFO - Removing missing CustomerID...
2025-12-24 12:02:31,250 - INFO - Removing cancelled invoices...
2025-12-24 12:04:25,109 - INFO - Loading raw dataset...
2025-12-24 12:06:04,815 - INFO - Loading raw dataset...
2025-12-24 12:06:30,632 - INFO - Columns after standardization: ['InvoiceNo', 'StockCode', 'Description', 'Quantity', 'InvoiceDate', 'Price', 'CustomerID', 'Country']
2025-12-24 22:42:11,758 - INFO - Loading raw dataset...
2025-12-24 22:48:17,349 - INFO - Loading raw dataset...
2025-12-24 22:49:20,323 - INFO - Columns after standardization: ['InvoiceNo', 'StockCode', 'Description', 'Quantity', 'InvoiceDate', 'Price', 'CustomerID', 'Country']
2025-12-25 22:28:27,348 - INFO - Loading raw dataset...
2025-12-31 10:56:19,033 - INFO - Loading raw dataset...
2025-12-31 10:56:20,464 - INFO - Loaded 541910 rows, 8 columns
2025-12-31 10:56:20,465 - INFO - Step 1: Removing missing CustomerIDs...
2025-12-31 10:58:41,581 - INFO - Loading raw dataset...
2025-12-31 10:58:42,380 - INFO - Loaded 541910 rows, 8 columns
2025-12-31 10:58:42,380 - INFO - Step 1: Removing missing CustomerIDs...
2025-12-31 10:58:42,424 - INFO - Removed 135080 rows with missing CustomerID
2025-12-31 10:58:42,424 - INFO - Step 2: Handling cancelled invoices...
2025-12-31 10:58:42,576 - INFO - Removed 8905 cancelled invoices
2025-12-31 10:58:42,577 - INFO - Step 3: Handling negative quantities...
2025-12-31 10:58:42,612 - INFO - Removed 0 rows with negative quantities
2025-12-31 10:58:42,612 - INFO - Step 4: Removing zero/negative prices...
2025-12-31 10:58:42,642 - INFO - Removed 40 rows with invalid prices
2025-12-31 10:58:42,642 - INFO - Step 5: Handling missing descriptions...
2025-12-31 10:58:42,676 - INFO - Removed 0 rows with missing descriptions
2025-12-31 10:58:42,676 - INFO - Step 6: Removing outliers using IQR method...
2025-12-31 10:58:42,727 - INFO - Removed 25647 outlier rows
2025-12-31 10:58:42,728 - INFO - Step 7: Removing duplicates...
2025-12-31 10:58:42,908 - INFO - Removed 5161 duplicate rows
2025-12-31 10:58:42,908 - INFO - Step 8: Creating derived columns...
2025-12-31 10:58:42,957 - INFO - Created derived columns: TotalPrice, Year, Month, DayOfWeek, Hour
2025-12-31 10:58:42,957 - INFO - Step 9: Converting data types...
2025-12-31 10:58:42,978 - INFO - Data type conversions completed
2025-12-31 10:58:42,978 - INFO - Saving cleaned data...
2025-12-31 10:58:45,219 - INFO - Cleaned data saved to: data/processed/cleaned_transactions.csv
